============================= test session starts ==============================
platform linux -- Python 3.11.9, pytest-8.2.2, pluggy-1.5.0
rootdir: /home/testuser/svc
collected 300 items

tests/test_service.py::test_case_1 PASSED [ 0%]
tests/test_service.py::test_case_2 PASSED [ 0%]
tests/test_service.py::test_case_3 PASSED [ 1%]
tests/test_service.py::test_case_4 PASSED [ 1%]
tests/test_service.py::test_case_5 PASSED [ 1%]
tests/test_service.py::test_case_6 PASSED [ 2%]
tests/test_service.py::test_case_7 PASSED [ 2%]
tests/test_service.py::test_case_8 PASSED [ 2%]
tests/test_service.py::test_case_9 PASSED [ 3%]
tests/test_service.py::test_case_10 PASSED [ 3%]
tests/test_service.py::test_case_11 PASSED [ 3%]
tests/test_service.py::test_case_12 PASSED [ 4%]
tests/test_service.py::test_case_13 PASSED [ 4%]
tests/test_service.py::test_case_14 PASSED [ 4%]
tests/test_service.py::test_case_15 PASSED [ 5%]
tests/test_service.py::test_case_16 PASSED [ 5%]
tests/test_service.py::test_case_17 PASSED [ 5%]
tests/test_service.py::test_case_18 PASSED [ 6%]
tests/test_service.py::test_case_19 PASSED [ 6%]
tests/test_service.py::test_case_20 PASSED [ 6%]
tests/test_service.py::test_case_21 PASSED [ 7%]
tests/test_service.py::test_case_22 PASSED [ 7%]
tests/test_service.py::test_case_23 PASSED [ 7%]
tests/test_service.py::test_case_24 PASSED [ 8%]
tests/test_service.py::test_case_25 PASSED [ 8%]
tests/test_service.py::test_case_26 PASSED [ 8%]
tests/test_service.py::test_case_27 PASSED [ 9%]
tests/test_service.py::test_case_28 PASSED [ 9%]
tests/test_service.py::test_case_29 PASSED [ 9%]
tests/test_service.py::test_case_30 PASSED [ 10%]
tests/test_service.py::test_case_31 PASSED [ 10%]
tests/test_service.py::test_case_32 PASSED [ 10%]
tests/test_service.py::test_case_33 PASSED [ 11%]
tests/test_service.py::test_case_34 PASSED [ 11%]
tests/test_service.py::test_case_35 PASSED [ 11%]
tests/test_service.py::test_case_36 PASSED [ 12%]
tests/test_service.py::test_case_37 PASSED [ 12%]
tests/test_service.py::test_case_38 PASSED [ 12%]
tests/test_service.py::test_case_39 PASSED [ 13%]
tests/test_service.py::test_case_40 PASSED [ 13%]
tests/test_service.py::test_case_41 PASSED [ 13%]
tests/test_service.py::test_case_42 PASSED [ 14%]
tests/test_service.py::test_case_43 PASSED [ 14%]
tests/test_service.py::test_case_44 PASSED [ 14%]
tests/test_service.py::test_case_45 PASSED [ 15%]
tests/test_service.py::test_case_46 PASSED [ 15%]
tests/test_service.py::test_case_47 PASSED [ 15%]
tests/test_service.py::test_case_48 PASSED [ 16%]
tests/test_service.py::test_case_49 PASSED [ 16%]
tests/test_service.py::test_case_50 PASSED [ 16%]
tests/test_service.py::test_case_51 PASSED [ 17%]
tests/test_service.py::test_case_52 PASSED [ 17%]
tests/test_service.py::test_case_53 PASSED [ 17%]
tests/test_service.py::test_case_54 PASSED [ 18%]
tests/test_service.py::test_case_55 PASSED [ 18%]
tests/test_service.py::test_case_56 PASSED [ 18%]
tests/test_service.py::test_case_57 PASSED [ 19%]
tests/test_service.py::test_case_58 PASSED [ 19%]
tests/test_service.py::test_case_59 PASSED [ 19%]
tests/test_service.py::test_case_60 PASSED [ 20%]
tests/test_service.py::test_case_61 PASSED [ 20%]
tests/test_service.py::test_case_62 PASSED [ 20%]
tests/test_service.py::test_case_63 PASSED [ 21%]
tests/test_service.py::test_case_64 PASSED [ 21%]
tests/test_service.py::test_case_65 PASSED [ 21%]
tests/test_service.py::test_case_66 PASSED [ 22%]
tests/test_service.py::test_case_67 PASSED [ 22%]
tests/test_service.py::test_case_68 PASSED [ 22%]
tests/test_service.py::test_case_69 PASSED [ 23%]
tests/test_service.py::test_case_70 PASSED [ 23%]
tests/test_service.py::test_case_71 PASSED [ 23%]
tests/test_service.py::test_case_72 PASSED [ 24%]
tests/test_service.py::test_case_73 PASSED [ 24%]
tests/test_service.py::test_case_74 PASSED [ 24%]
tests/test_service.py::test_case_75 PASSED [ 25%]
tests/test_service.py::test_case_76 PASSED [ 25%]
tests/test_service.py::test_case_77 PASSED [ 25%]
tests/test_service.py::test_case_78 PASSED [ 26%]
tests/test_service.py::test_case_79 PASSED [ 26%]
tests/test_service.py::test_case_80 PASSED [ 26%]
tests/test_service.py::test_case_81 PASSED [ 27%]
tests/test_service.py::test_case_82 PASSED [ 27%]
tests/test_service.py::test_case_83 PASSED [ 27%]
tests/test_service.py::test_case_84 PASSED [ 28%]
tests/test_service.py::test_case_85 PASSED [ 28%]
tests/test_service.py::test_case_86 PASSED [ 28%]
tests/test_service.py::test_case_87 PASSED [ 29%]
tests/test_service.py::test_case_88 PASSED [ 29%]
tests/test_service.py::test_case_89 PASSED [ 29%]
tests/test_service.py::test_case_90 PASSED [ 30%]
tests/test_service.py::test_case_91 PASSED [ 30%]
tests/test_service.py::test_case_92 PASSED [ 30%]
tests/test_service.py::test_case_93 PASSED [ 31%]
tests/test_service.py::test_case_94 PASSED [ 31%]
tests/test_service.py::test_case_95 PASSED [ 31%]
tests/test_service.py::test_case_96 PASSED [ 32%]
tests/test_service.py::test_case_97 PASSED [ 32%]
tests/test_service.py::test_case_98 PASSED [ 32%]
tests/test_service.py::test_case_99 PASSED [ 33%]
tests/test_service.py::test_case_100 PASSED [ 33%]
tests/test_service.py::test_case_101 PASSED [ 33%]
tests/test_service.py::test_case_102 PASSED [ 34%]
tests/test_service.py::test_case_103 PASSED [ 34%]
tests/test_service.py::test_case_104 PASSED [ 34%]
tests/test_service.py::test_case_105 PASSED [ 35%]
tests/test_service.py::test_case_106 PASSED [ 35%]
tests/test_service.py::test_case_107 PASSED [ 35%]
tests/test_service.py::test_case_108 PASSED [ 36%]
tests/test_service.py::test_case_109 PASSED [ 36%]
tests/test_service.py::test_case_110 PASSED [ 36%]
tests/test_service.py::test_case_111 PASSED [ 37%]
tests/test_service.py::test_case_112 PASSED [ 37%]
tests/test_service.py::test_case_113 PASSED [ 37%]
tests/test_service.py::test_case_114 PASSED [ 38%]
tests/test_service.py::test_case_115 PASSED [ 38%]
tests/test_service.py::test_case_116 PASSED [ 38%]
tests/test_service.py::test_case_117 PASSED [ 39%]
tests/test_service.py::test_case_118 PASSED [ 39%]
tests/test_service.py::test_case_119 PASSED [ 39%]
tests/test_service.py::test_case_120 PASSED [ 40%]
tests/test_service.py::test_case_121 PASSED [ 40%]
tests/test_service.py::test_case_122 PASSED [ 40%]
tests/test_service.py::test_case_123 PASSED [ 41%]
tests/test_service.py::test_case_124 PASSED [ 41%]
tests/test_service.py::test_case_125 PASSED [ 41%]
tests/test_service.py::test_case_126 PASSED [ 42%]
tests/test_service.py::test_case_127 PASSED [ 42%]
tests/test_service.py::test_case_128 PASSED [ 42%]
tests/test_service.py::test_case_129 PASSED [ 43%]
tests/test_service.py::test_case_130 PASSED [ 43%]
tests/test_service.py::test_case_131 PASSED [ 43%]
tests/test_service.py::test_case_132 PASSED [ 44%]
tests/test_service.py::test_case_133 PASSED [ 44%]
tests/test_service.py::test_case_134 PASSED [ 44%]
tests/test_service.py::test_case_135 PASSED [ 45%]
tests/test_service.py::test_case_136 PASSED [ 45%]
tests/test_service.py::test_case_137 PASSED [ 45%]
tests/test_service.py::test_case_138 PASSED [ 46%]
tests/test_service.py::test_case_139 PASSED [ 46%]
tests/test_service.py::test_case_140 PASSED [ 46%]
tests/test_service.py::test_case_141 PASSED [ 47%]
tests/test_service.py::test_case_142 PASSED [ 47%]
tests/test_service.py::test_case_143 PASSED [ 47%]
tests/test_service.py::test_case_144 PASSED [ 48%]
tests/test_service.py::test_case_145 PASSED [ 48%]
tests/test_service.py::test_case_146 PASSED [ 48%]
tests/test_service.py::test_case_147 PASSED [ 49%]
tests/test_service.py::test_case_148 PASSED [ 49%]
tests/test_service.py::test_case_149 PASSED [ 49%]
tests/test_service.py::test_case_150 PASSED [ 50%]
tests/test_service.py::test_case_151 PASSED [ 50%]
tests/test_service.py::test_case_152 PASSED [ 50%]
tests/test_service.py::test_case_153 PASSED [ 51%]
tests/test_service.py::test_case_154 PASSED [ 51%]
tests/test_service.py::test_case_155 PASSED [ 51%]
tests/test_service.py::test_case_156 PASSED [ 52%]
tests/test_service.py::test_case_157 PASSED [ 52%]
tests/test_service.py::test_case_158 PASSED [ 52%]
tests/test_service.py::test_case_159 PASSED [ 53%]
tests/test_service.py::test_case_160 PASSED [ 53%]
tests/test_service.py::test_case_161 PASSED [ 53%]
tests/test_service.py::test_case_162 PASSED [ 54%]
tests/test_service.py::test_case_163 PASSED [ 54%]
tests/test_service.py::test_case_164 PASSED [ 54%]
tests/test_service.py::test_case_165 PASSED [ 55%]
tests/test_service.py::test_case_166 PASSED [ 55%]
tests/test_service.py::test_case_167 PASSED [ 55%]
tests/test_service.py::test_case_168 PASSED [ 56%]
tests/test_service.py::test_case_169 PASSED [ 56%]
tests/test_service.py::test_case_170 PASSED [ 56%]
tests/test_service.py::test_case_171 PASSED [ 57%]
tests/test_service.py::test_case_172 PASSED [ 57%]
tests/test_service.py::test_case_173 PASSED [ 57%]
tests/test_service.py::test_case_174 PASSED [ 58%]
tests/test_service.py::test_case_175 PASSED [ 58%]
tests/test_service.py::test_case_176 PASSED [ 58%]
tests/test_service.py::test_case_177 PASSED [ 59%]
tests/test_service.py::test_case_178 PASSED [ 59%]
tests/test_service.py::test_case_179 PASSED [ 59%]
tests/test_service.py::test_case_180 PASSED [ 60%]
tests/test_service.py::test_case_181 PASSED [ 60%]
tests/test_service.py::test_case_182 PASSED [ 60%]
tests/test_service.py::test_case_183 PASSED [ 61%]
tests/test_service.py::test_case_184 PASSED [ 61%]
tests/test_service.py::test_case_185 PASSED [ 61%]
tests/test_service.py::test_case_186 PASSED [ 62%]
tests/test_service.py::test_case_187 PASSED [ 62%]
tests/test_service.py::test_case_188 PASSED [ 62%]
tests/test_service.py::test_case_189 PASSED [ 63%]
tests/test_service.py::test_case_190 PASSED [ 63%]
tests/test_service.py::test_case_191 PASSED [ 63%]
tests/test_service.py::test_case_192 PASSED [ 64%]
tests/test_service.py::test_case_193 PASSED [ 64%]
tests/test_service.py::test_case_194 PASSED [ 64%]
tests/test_service.py::test_case_195 PASSED [ 65%]
tests/test_service.py::test_case_196 PASSED [ 65%]
tests/test_service.py::test_case_197 PASSED [ 65%]
tests/test_service.py::test_case_198 PASSED [ 66%]
tests/test_service.py::test_case_199 PASSED [ 66%]
tests/test_service.py::test_case_200 PASSED [ 66%]
tests/test_service.py::test_case_201 PASSED [ 67%]
tests/test_service.py::test_case_202 PASSED [ 67%]
tests/test_service.py::test_case_203 PASSED [ 67%]
tests/test_service.py::test_case_204 PASSED [ 68%]
tests/test_service.py::test_case_205 PASSED [ 68%]
tests/test_service.py::test_case_206 PASSED [ 68%]
tests/test_service.py::test_case_207 PASSED [ 69%]
tests/test_service.py::test_case_208 PASSED [ 69%]
tests/test_service.py::test_case_209 PASSED [ 69%]
tests/test_service.py::test_case_210 PASSED [ 70%]
tests/test_service.py::test_case_211 PASSED [ 70%]
tests/test_service.py::test_case_212 PASSED [ 70%]
tests/test_service.py::test_case_213 PASSED [ 71%]
tests/test_service.py::test_case_214 PASSED [ 71%]
tests/test_service.py::test_case_215 PASSED [ 71%]
tests/test_service.py::test_case_216 PASSED [ 72%]
tests/test_service.py::test_case_217 PASSED [ 72%]
tests/test_service.py::test_case_218 PASSED [ 72%]
tests/test_service.py::test_case_219 PASSED [ 73%]
tests/test_service.py::test_case_220 PASSED [ 73%]
tests/test_service.py::test_case_221 PASSED [ 73%]
tests/test_service.py::test_case_222 PASSED [ 74%]
tests/test_service.py::test_case_223 PASSED [ 74%]
tests/test_service.py::test_case_224 PASSED [ 74%]
tests/test_service.py::test_case_225 PASSED [ 75%]
tests/test_service.py::test_case_226 PASSED [ 75%]
tests/test_service.py::test_case_227 PASSED [ 75%]
tests/test_service.py::test_case_228 PASSED [ 76%]
tests/test_service.py::test_case_229 PASSED [ 76%]
tests/test_service.py::test_case_230 PASSED [ 76%]
tests/test_service.py::test_case_231 PASSED [ 77%]
tests/test_service.py::test_case_232 PASSED [ 77%]
tests/test_service.py::test_case_233 PASSED [ 77%]
tests/test_service.py::test_case_234 PASSED [ 78%]
tests/test_service.py::test_case_235 PASSED [ 78%]
tests/test_service.py::test_case_236 PASSED [ 78%]
tests/test_service.py::test_case_237 PASSED [ 79%]
tests/test_service.py::test_case_238 PASSED [ 79%]
tests/test_service.py::test_case_239 PASSED [ 79%]
tests/test_service.py::test_case_240 PASSED [ 80%]
tests/test_service.py::test_case_241 PASSED [ 80%]
tests/test_service.py::test_case_242 PASSED [ 80%]
tests/test_service.py::test_case_243 PASSED [ 81%]
tests/test_service.py::test_case_244 PASSED [ 81%]
tests/test_service.py::test_case_245 PASSED [ 81%]
tests/test_service.py::test_case_246 PASSED [ 82%]
tests/test_service.py::test_case_247 PASSED [ 82%]
tests/test_service.py::test_case_248 PASSED [ 82%]
tests/test_service.py::test_case_249 PASSED [ 83%]
tests/test_service.py::test_case_250 PASSED [ 83%]
tests/test_service.py::test_case_251 PASSED [ 83%]
tests/test_service.py::test_case_252 PASSED [ 84%]
tests/test_service.py::test_case_253 PASSED [ 84%]
tests/test_service.py::test_case_254 PASSED [ 84%]
tests/test_service.py::test_case_255 PASSED [ 85%]
tests/test_service.py::test_case_256 PASSED [ 85%]
tests/test_service.py::test_case_257 PASSED [ 85%]
tests/test_service.py::test_case_258 PASSED [ 86%]
tests/test_service.py::test_case_259 PASSED [ 86%]
tests/test_service.py::test_case_260 PASSED [ 86%]
tests/test_service.py::test_case_261 PASSED [ 87%]
tests/test_service.py::test_case_262 PASSED [ 87%]
tests/test_service.py::test_case_263 PASSED [ 87%]
tests/test_service.py::test_case_264 PASSED [ 88%]
tests/test_service.py::test_case_265 PASSED [ 88%]
tests/test_service.py::test_case_266 PASSED [ 88%]
tests/test_service.py::test_case_267 PASSED [ 89%]
tests/test_service.py::test_case_268 PASSED [ 89%]
tests/test_service.py::test_case_269 PASSED [ 89%]
tests/test_service.py::test_case_270 PASSED [ 90%]
tests/test_service.py::test_case_271 PASSED [ 90%]
tests/test_service.py::test_case_272 PASSED [ 90%]
tests/test_service.py::test_case_273 PASSED [ 91%]
tests/test_service.py::test_case_274 PASSED [ 91%]
tests/test_service.py::test_case_275 PASSED [ 91%]
tests/test_service.py::test_case_276 PASSED [ 92%]
tests/test_service.py::test_case_277 PASSED [ 92%]
tests/test_service.py::test_case_278 PASSED [ 92%]
tests/test_service.py::test_case_279 PASSED [ 93%]
tests/test_service.py::test_case_280 PASSED [ 93%]
tests/test_service.py::test_case_281 PASSED [ 93%]
tests/test_service.py::test_case_282 PASSED [ 94%]
tests/test_service.py::test_case_283 PASSED [ 94%]
tests/test_service.py::test_case_284 PASSED [ 94%]
tests/test_service.py::test_case_285 PASSED [ 95%]
tests/test_service.py::test_case_286 PASSED [ 95%]
tests/test_service.py::test_case_287 PASSED [ 95%]
tests/test_service.py::test_case_288 PASSED [ 96%]
tests/test_service.py::test_case_289 PASSED [ 96%]
tests/test_service.py::test_case_290 PASSED [ 96%]
tests/test_service.py::test_case_291 PASSED [ 97%]
tests/test_service.py::test_case_292 PASSED [ 97%]
tests/test_service.py::test_case_293 PASSED [ 97%]
tests/test_service.py::test_case_294 PASSED [ 98%]
tests/test_service.py::test_case_295 PASSED [ 98%]
tests/test_service.py::test_broken_1 FAILED [100%]
tests/test_service.py::test_broken_2 FAILED [100%]
tests/test_service.py::test_broken_3 FAILED [100%]
tests/test_service.py::test_broken_4 FAILED [100%]
tests/test_service.py::test_broken_5 FAILED [100%]

==================================== FAILURES ====================================
___________________________ test_broken_1 ______________________________

    def test_broken_1():
>       assert response.status_code == 200
E       AssertionError: assert 500 == 200
E        +  where 500 = <Response [500]>.status_code

tests/test_service.py:121: AssertionError
___________________________ test_broken_2 ______________________________

    def test_broken_2():
>       assert response.status_code == 200
E       AssertionError: assert 500 == 200
E        +  where 500 = <Response [500]>.status_code

tests/test_service.py:122: AssertionError
___________________________ test_broken_3 ______________________________

    def test_broken_3():
>       assert response.status_code == 200
E       AssertionError: assert 500 == 200
E        +  where 500 = <Response [500]>.status_code

tests/test_service.py:123: AssertionError
___________________________ test_broken_4 ______________________________

    def test_broken_4():
>       assert response.status_code == 200
E       AssertionError: assert 500 == 200
E        +  where 500 = <Response [500]>.status_code

tests/test_service.py:124: AssertionError
___________________________ test_broken_5 ______________________________

    def test_broken_5():
>       assert response.status_code == 200
E       AssertionError: assert 500 == 200
E        +  where 500 = <Response [500]>.status_code

tests/test_service.py:125: AssertionError
=========================== short test summary info =============================
FAILED tests/test_service.py::test_broken_1 - AssertionError: assert 500 == 200
FAILED tests/test_service.py::test_broken_2 - AssertionError: assert 500 == 200
FAILED tests/test_service.py::test_broken_3 - AssertionError: assert 500 == 200
FAILED tests/test_service.py::test_broken_4 - AssertionError: assert 500 == 200
FAILED tests/test_service.py::test_broken_5 - AssertionError: assert 500 == 200
===================== 5 failed, 295 passed in 22.17s =====================
